<?xml version="1.0" encoding="UTF-8"?>
<testsuite xmlns:xsi="http://www.w3.org/2001/XMLSchema-instance" xsi:noNamespaceSchemaLocation="https://maven.apache.org/surefire/maven-surefire-plugin/xsd/surefire-test-report.xsd" name="guru.springframework.GreetingTest" time="0.013" tests="3" errors="0" skipped="0" failures="0">
  <properties>
[...]
</properties>
  <testcase name="helloWorld" classname="guru.springframework.GreetingTest" time="0.001"/>
  <testcase name="helloWorld1" classname="guru.springframework.GreetingTest" time="0.007"/>
  <testcase name="helloWorld2" classname="guru.springframework.GreetingTest" time="0.001"/>
</testsuite>